2013-04-26 00:09:09 Error: [MissingControllerException] Controller class WebrootController could not be found.
Exception Attributes: array (
  'class' => 'WebrootController',
  'plugin' => NULL,
)
Request URL: /projects/cakePHP_00-HABTM-Sakila/webroot/index.php
Stack Trace:
#0 /home/lperepol/public_html/domain1.com/public/projects/cakePHP_00-HABTM-Sakila/webroot/index.php(109): Dispatcher->dispatch(Object(CakeRequest), Object(CakeResponse))
#1 {main}
2013-04-26 00:09:53 Error: [MissingPluginException] Plugin DebugKit could not be found.
Exception Attributes: array (
  'plugin' => 'DebugKit',
)
Stack Trace:
#0 /home/lperepol/public_html/domain1.com/public/projects/cakePHP_00-HABTM-Sakila/Config/bootstrap.php(74): CakePlugin::load('DebugKit')
#1 /home/lperepol/public_html/domain1.com/public/projects/cakephp/lib/Cake/Core/Configure.php(93): include('/home/lperepol/...')
#2 /home/lperepol/public_html/domain1.com/public/projects/cakephp/lib/Cake/bootstrap.php(170): Configure::bootstrap(true)
#3 /home/lperepol/public_html/domain1.com/public/projects/cakePHP_00-HABTM-Sakila/webroot/index.php(95): include('/home/lperepol/...')
#4 {main}
2013-04-26 00:10:02 Error: [MissingPluginException] Plugin DebugKit could not be found.
Exception Attributes: array (
  'plugin' => 'DebugKit',
)
Stack Trace:
#0 /home/lperepol/public_html/domain1.com/public/projects/cakePHP_00-HABTM-Sakila/Config/bootstrap.php(74): CakePlugin::load('DebugKit')
#1 /home/lperepol/public_html/domain1.com/public/projects/cakephp/lib/Cake/Core/Configure.php(93): include('/home/lperepol/...')
#2 /home/lperepol/public_html/domain1.com/public/projects/cakephp/lib/Cake/bootstrap.php(170): Configure::bootstrap(true)
#3 /home/lperepol/public_html/domain1.com/public/projects/cakePHP_00-HABTM-Sakila/webroot/index.php(95): include('/home/lperepol/...')
#4 {main}
2013-04-26 00:18:24 Error: [MissingPluginException] Plugin DebugKit could not be found.
Exception Attributes: array (
  'plugin' => 'DebugKit',
)
Stack Trace:
#0 /home/lperepol/public_html/domain1.com/public/projects/cakePHP_00-HABTM-Sakila/Config/bootstrap.php(74): CakePlugin::load('DebugKit')
#1 /home/lperepol/public_html/domain1.com/public/projects/cakephp/lib/Cake/Core/Configure.php(93): include('/home/lperepol/...')
#2 /home/lperepol/public_html/domain1.com/public/projects/cakephp/lib/Cake/bootstrap.php(170): Configure::bootstrap(true)
#3 /home/lperepol/public_html/domain1.com/public/projects/cakePHP_00-HABTM-Sakila/webroot/index.php(95): include('/home/lperepol/...')
#4 {main}
2013-04-26 00:18:25 Error: [MissingPluginException] Plugin DebugKit could not be found.
Exception Attributes: array (
  'plugin' => 'DebugKit',
)
Stack Trace:
#0 /home/lperepol/public_html/domain1.com/public/projects/cakePHP_00-HABTM-Sakila/Config/bootstrap.php(74): CakePlugin::load('DebugKit')
#1 /home/lperepol/public_html/domain1.com/public/projects/cakephp/lib/Cake/Core/Configure.php(93): include('/home/lperepol/...')
#2 /home/lperepol/public_html/domain1.com/public/projects/cakephp/lib/Cake/bootstrap.php(170): Configure::bootstrap(true)
#3 /home/lperepol/public_html/domain1.com/public/projects/cakePHP_00-HABTM-Sakila/webroot/index.php(95): include('/home/lperepol/...')
#4 {main}
2013-04-26 00:18:26 Error: [MissingPluginException] Plugin DebugKit could not be found.
Exception Attributes: array (
  'plugin' => 'DebugKit',
)
Stack Trace:
#0 /home/lperepol/public_html/domain1.com/public/projects/cakePHP_00-HABTM-Sakila/Config/bootstrap.php(74): CakePlugin::load('DebugKit')
#1 /home/lperepol/public_html/domain1.com/public/projects/cakephp/lib/Cake/Core/Configure.php(93): include('/home/lperepol/...')
#2 /home/lperepol/public_html/domain1.com/public/projects/cakephp/lib/Cake/bootstrap.php(170): Configure::bootstrap(true)
#3 /home/lperepol/public_html/domain1.com/public/projects/cakePHP_00-HABTM-Sakila/webroot/index.php(95): include('/home/lperepol/...')
#4 {main}
2013-04-26 00:18:36 Error: [MissingPluginException] Plugin DebugKit could not be found.
Exception Attributes: array (
  'plugin' => 'DebugKit',
)
Stack Trace:
#0 /home/lperepol/public_html/domain1.com/public/projects/cakePHP_00-HABTM-Sakila/Config/bootstrap.php(74): CakePlugin::load('DebugKit')
#1 /home/lperepol/public_html/domain1.com/public/projects/cakephp/lib/Cake/Core/Configure.php(93): include('/home/lperepol/...')
#2 /home/lperepol/public_html/domain1.com/public/projects/cakephp/lib/Cake/bootstrap.php(170): Configure::bootstrap(true)
#3 /home/lperepol/public_html/domain1.com/public/projects/cakePHP_00-HABTM-Sakila/webroot/index.php(95): include('/home/lperepol/...')
#4 {main}
2013-04-26 00:20:01 Error: [MissingPluginException] Plugin DebugKit could not be found.
Exception Attributes: array (
  'plugin' => 'DebugKit',
)
Stack Trace:
#0 /home/lperepol/public_html/domain1.com/public/projects/cakePHP_00-HABTM-Sakila/Config/bootstrap.php(74): CakePlugin::load('DebugKit')
#1 /home/lperepol/public_html/domain1.com/public/projects/cakephp/lib/Cake/Core/Configure.php(93): include('/home/lperepol/...')
#2 /home/lperepol/public_html/domain1.com/public/projects/cakephp/lib/Cake/bootstrap.php(170): Configure::bootstrap(true)
#3 /home/lperepol/public_html/domain1.com/public/projects/cakePHP_00-HABTM-Sakila/webroot/index.php(95): include('/home/lperepol/...')
#4 {main}
2013-04-26 00:20:04 Error: [MissingPluginException] Plugin DebugKit could not be found.
Exception Attributes: array (
  'plugin' => 'DebugKit',
)
Stack Trace:
#0 /home/lperepol/public_html/domain1.com/public/projects/cakePHP_00-HABTM-Sakila/Config/bootstrap.php(74): CakePlugin::load('DebugKit')
#1 /home/lperepol/public_html/domain1.com/public/projects/cakephp/lib/Cake/Core/Configure.php(93): include('/home/lperepol/...')
#2 /home/lperepol/public_html/domain1.com/public/projects/cakephp/lib/Cake/bootstrap.php(170): Configure::bootstrap(true)
#3 /home/lperepol/public_html/domain1.com/public/projects/cakePHP_00-HABTM-Sakila/webroot/index.php(95): include('/home/lperepol/...')
#4 {main}
2013-04-26 00:20:08 Error: [MissingPluginException] Plugin DebugKit could not be found.
Exception Attributes: array (
  'plugin' => 'DebugKit',
)
Stack Trace:
#0 /home/lperepol/public_html/domain1.com/public/projects/cakePHP_00-HABTM-Sakila/Config/bootstrap.php(74): CakePlugin::load('DebugKit')
#1 /home/lperepol/public_html/domain1.com/public/projects/cakephp/lib/Cake/Core/Configure.php(93): include('/home/lperepol/...')
#2 /home/lperepol/public_html/domain1.com/public/projects/cakephp/lib/Cake/bootstrap.php(170): Configure::bootstrap(true)
#3 /home/lperepol/public_html/domain1.com/public/projects/cakePHP_00-HABTM-Sakila/webroot/index.php(95): include('/home/lperepol/...')
#4 {main}
2013-04-26 00:20:27 Error: [MissingPluginException] Plugin DebugKit could not be found.
Exception Attributes: array (
  'plugin' => 'DebugKit',
)
Stack Trace:
#0 /home/lperepol/public_html/domain1.com/public/projects/cakePHP_00-HABTM-Sakila/Config/bootstrap.php(74): CakePlugin::load('DebugKit')
#1 /home/lperepol/public_html/domain1.com/public/projects/cakephp/lib/Cake/Core/Configure.php(93): include('/home/lperepol/...')
#2 /home/lperepol/public_html/domain1.com/public/projects/cakephp/lib/Cake/bootstrap.php(170): Configure::bootstrap(true)
#3 /home/lperepol/public_html/domain1.com/public/projects/cakePHP_00-HABTM-Sakila/webroot/index.php(95): include('/home/lperepol/...')
#4 {main}
